生成启动时间为 2022/5/10 21:17:47。
     1>项目“E:\c的练习\text99\text99\text99.vcxproj”在节点 2 上(build 个目标)。
     1>InitializeBuildStatus:
         正在对“Debug\text99.unsuccessfulbuild”执行 Touch 任务。
       ClCompile:
         e:\c\VC\bin\CL.exe /c /ZI /nologo /W3 /WX- /Od /Oy- /D _MBCS /Gm /EHsc /RTC1 /MDd /GS /fp:precise /Zc:wchar_t /Zc:forScope /Fo"Debug\\" /Fd"Debug\vc100.pdb" /Gd /TC /analyze- /errorReport:prompt text.c
         text.c
     1>e:\c的练习\text99\text99\game.h(1): warning C4005: “_CRT_SECURE_NO_WARNINGS”: 宏重定义
                 e:\c的练习\text99\text99\text.c(1) : 参见“_CRT_SECURE_NO_WARNINGS”的前一个定义
       Link:
         e:\c\VC\bin\link.exe /ERRORREPORT:PROMPT /OUT:"E:\c的练习\text99\Debug\text99.exe" /NOLOGO kernel32.lib user32.lib gdi32.lib winspool.lib comdlg32.lib advapi32.lib shell32.lib ole32.lib oleaut32.lib uuid.lib odbc32.lib odbccp32.lib /MANIFEST /ManifestFile:"Debug\text99.exe.intermediate.manifest" /MANIFESTUAC:"level='asInvoker' uiAccess='false'" /DEBUG /PDB:"E:\c的练习\text99\Debug\text99.pdb" /SUBSYSTEM:CONSOLE /TLBID:1 /DYNAMICBASE /NXCOMPAT /IMPLIB:"E:\c的练习\text99\Debug\text99.lib" /MACHINE:X86 Debug\game.obj
         Debug\text.obj
         LINK : 没有找到 E:\c的练习\text99\Debug\text99.exe 或上一个增量链接没有生成它；正在执行完全链接
         text99.vcxproj -> E:\c的练习\text99\Debug\text99.exe
       Manifest:
         C:\Program Files (x86)\Microsoft SDKs\Windows\v7.0A\bin\mt.exe /nologo /verbose /outputresource:"E:\c的练习\text99\Debug\text99.exe;#1" /manifest Debug\text99.exe.intermediate.manifest
       FinalizeBuildStatus:
         正在删除文件“Debug\text99.unsuccessfulbuild”。
         正在对“Debug\text99.lastbuildstate”执行 Touch 任务。
     1>已完成生成项目“E:\c的练习\text99\text99\text99.vcxproj”(build 个目标)的操作。

生成成功。

已用时间 00:00:01.40
